c:\users\saraa\onedrive\desktop\new graphics\spare\03_shadows\x64\debug\03_shadows.lib
c:\users\saraa\onedrive\desktop\new graphics\spare\03_shadows\x64\debug\03_shadows.exp
c:\users\saraa\onedrive\desktop\new graphics\spare\03_shadows\03_shadows\x64\debug\vc142.pdb
c:\users\saraa\onedrive\desktop\new graphics\spare\03_shadows\03_shadows\x64\debug\vc142.idb
c:\users\saraa\onedrive\desktop\new graphics\spare\03_shadows\03_shadows\x64\debug\vertexarrayobject.obj
c:\users\saraa\onedrive\desktop\new graphics\spare\03_shadows\03_shadows\x64\debug\imgui_impl_sdl_gl3.obj
c:\users\saraa\onedrive\desktop\new graphics\spare\03_shadows\03_shadows\x64\debug\imgui_draw.obj
c:\users\saraa\onedrive\desktop\new graphics\spare\03_shadows\03_shadows\x64\debug\imgui_demo.obj
c:\users\saraa\onedrive\desktop\new graphics\spare\03_shadows\03_shadows\x64\debug\imgui.obj
c:\users\saraa\onedrive\desktop\new graphics\spare\03_shadows\03_shadows\x64\debug\shaderobject.obj
c:\users\saraa\onedrive\desktop\new graphics\spare\03_shadows\03_shadows\x64\debug\programobject.obj
c:\users\saraa\onedrive\desktop\new graphics\spare\03_shadows\03_shadows\x64\debug\objparser_ogl3.obj
c:\users\saraa\onedrive\desktop\new graphics\spare\03_shadows\03_shadows\x64\debug\myapp.obj
c:\users\saraa\onedrive\desktop\new graphics\spare\03_shadows\03_shadows\x64\debug\mesh_ogl3.obj
c:\users\saraa\onedrive\desktop\new graphics\spare\03_shadows\03_shadows\x64\debug\main.obj
c:\users\saraa\onedrive\desktop\new graphics\spare\03_shadows\03_shadows\x64\debug\glconversions.obj
c:\users\saraa\onedrive\desktop\new graphics\spare\03_shadows\03_shadows\x64\debug\gcamera.obj
c:\users\saraa\onedrive\desktop\new graphics\spare\03_shadows\x64\debug\03_shadows.ilk
c:\users\saraa\onedrive\desktop\new graphics\spare\03_shadows\x64\debug\03_shadows.exe
c:\users\saraa\onedrive\desktop\new graphics\spare\03_shadows\x64\debug\03_shadows.pdb
c:\users\saraa\onedrive\desktop\new graphics\spare\03_shadows\03_shadows\x64\debug\03_shadows.tlog\03_shadows.write.1u.tlog
c:\users\saraa\onedrive\desktop\new graphics\spare\03_shadows\03_shadows\x64\debug\03_shadows.tlog\cl.command.1.tlog
c:\users\saraa\onedrive\desktop\new graphics\spare\03_shadows\03_shadows\x64\debug\03_shadows.tlog\cl.read.1.tlog
c:\users\saraa\onedrive\desktop\new graphics\spare\03_shadows\03_shadows\x64\debug\03_shadows.tlog\cl.write.1.tlog
c:\users\saraa\onedrive\desktop\new graphics\spare\03_shadows\03_shadows\x64\debug\03_shadows.tlog\link.command.1.tlog
c:\users\saraa\onedrive\desktop\new graphics\spare\03_shadows\03_shadows\x64\debug\03_shadows.tlog\link.read.1.tlog
c:\users\saraa\onedrive\desktop\new graphics\spare\03_shadows\03_shadows\x64\debug\03_shadows.tlog\link.write.1.tlog
